<?xml version="1.0" encoding="UTF-8"?>
<!-- Generated by org.testng.reporters.JUnitXMLReporter -->
<testsuite ignored="0" hostname="DESKTOP-CTL1DJU" failures="0" tests="24" name="Test in chrome" time="129.062" errors="0" timestamp="2025-05-15T15:11:47 IST">
  <testcase classname="com.tutorialsninja_Testcases.Register" name="verifyRegisteraccountwithMandatoryFields" time="1.937"/>
  <testcase classname="com.tutorialsninja_Testcases.Register" name="verifyRegisteringanAccountbyprovidingallthefields" time="2.061"/>
  <testcase classname="com.tutorialsninja_Testcases.Register" name="verifyRegisteringAccountWithoutFillingAnyDetails" time="0.731"/>
  <testcase classname="com.tutorialsninja_Testcases.Register" name="verifyRegisterAccountEnteringDifferentPassword" time="2.98"/>
  <testcase classname="com.tutorialsninja_Testcases.Register" name="verifyRegisteringanAccountExistingAccount" time="1.556"/>
  <testcase classname="com.tutorialsninja_Testcases.Register" name="verifyRegisterAccountbyusinginvalidEmail" time="1.557"/>
  <testcase classname="com.tutorialsninja_Testcases.Login" name="verifyLoginwithValidCredential" time="1.299"/>
  <testcase classname="com.tutorialsninja_Testcases.Login" name="verifyLoginwithInvalidEmailaddressandInvalidPassword" time="1.101"/>
  <testcase classname="com.tutorialsninja_Testcases.Login" name="verifyLoginwithInvalidEmailaddressandvalidPassword" time="1.072"/>
  <testcase classname="com.tutorialsninja_Testcases.Login" name="verifyLoginwithvalidEmailaddressandInvalidPassword" time="1.041"/>
  <testcase classname="com.tutorialsninja_Testcases.Login" name="verifyLoginwithoutenteringtheCredentials" time="0.798"/>
  <testcase classname="com.tutorialsninja_Testcases.Login" name="verifyForgotpasswordlink" time="0.55"/>
  <testcase classname="com.tutorialsninja_Testcases.Logout" name="verifyLogoutUsingDropdown" time="2.325"/>
  <testcase classname="com.tutorialsninja_Testcases.Logout" name="verifyLogoutUsingRightColoumnOptions" time="1.368"/>
  <testcase classname="com.tutorialsninja_Testcases.Search" name="verifySearchExistingProductName" time="1.569"/>
  <testcase classname="com.tutorialsninja_Testcases.Search" name="verifySearchNonExistingProductName" time="1.372"/>
  <testcase classname="com.tutorialsninja_Testcases.Search" name="verifySearchWithoutEnteringName" time="0.496"/>
  <testcase classname="com.tutorialsninja_Testcases.SpecialOffer" name="navigatetotheSpecialOfferPage" time="0.033"/>
  <testcase classname="com.tutorialsninja_Testcases.SpecialOffer" name="navigatetotheSiteMapPage" time="0.517"/>
  <testcase classname="com.tutorialsninja_Testcases.SpecialOffer" name="verifyProductComparelink" time="0.039"/>
  <testcase classname="com.tutorialsninja_Testcases.SpecialOffer" name="verifyNUmberofProductUsingShowfields" time="0.549"/>
  <testcase classname="com.tutorialsninja_Testcases.SpecialOffer" name="verifyAddProductintheWishList" time="2.443"/>
  <testcase classname="com.tutorialsninja_Testcases.SpecialOffer" name="verifyAddProductforComaparison" time="1.71"/>
  <testcase classname="com.tutorialsninja_Testcases.SpecialOffer" name="verifyProductDisplayPage" time="2.253"/>
</testsuite> <!-- Test in chrome -->
