<?xml version="1.0" encoding="UTF-8"?>
<!-- Generated by org.testng.reporters.JUnitXMLReporter -->
<testsuite ignored="0" hostname="DESKTOP-CTL1DJU" failures="0" tests="5" name="Test in chrome" time="44.917" errors="0" timestamp="2025-05-19T10:13:34 IST">
  <testcase classname="com.tutorialsninja_Testcases.ContactUs" name="verifyNavigatetotheContactPage" time="1.03"/>
  <testcase classname="com.tutorialsninja_Testcases.ContactUs" name="verifyNavigatetotheContactPageFooterlink" time="0.619"/>
  <testcase classname="com.tutorialsninja_Testcases.ContactUs" name="verifyFillalltheMandatoryFieldinContactUsPage" time="3.902"/>
  <testcase classname="com.tutorialsninja_Testcases.ContactUs" name="verifyEnterInvalidEmailID" time="2.682"/>
  <testcase classname="com.tutorialsninja_Testcases.ContactUs" name="verifyclickSubmitWithoutEntertheDetails" time="2.124"/>
</testsuite> <!-- Test in chrome -->
