<?xml version="1.0" encoding="UTF-8"?>
<!-- Generated by org.testng.reporters.JUnitXMLReporter -->
<testsuite ignored="0" hostname="DESKTOP-CTL1DJU" failures="0" tests="8" name="Test" time="77.063" errors="0" timestamp="2025-05-09T10:35:31 IST">
  <testcase classname="com.tutorialsninja_Testcases.Register" name="verifyRegisteraccountwithMandatoryFields" time="4.856"/>
  <testcase classname="com.tutorialsninja_Testcases.Register" name="verifyRegisteringanAccountbyprovidingallthefields" time="5.264"/>
  <testcase classname="com.tutorialsninja_Testcases.Register" name="verifyRegisteringAccountWithoutFillingAnyDetails" time="1.718"/>
  <testcase classname="com.tutorialsninja_Testcases.Login" name="verifyLoginwithValidCredential" time="2.616"/>
  <testcase classname="com.tutorialsninja_Testcases.Login" name="verifyLoginwithInvalidEmailaddressandInvalidPassword" time="4.995"/>
  <testcase classname="com.tutorialsninja_Testcases.Login" name="verifyLoginwithInvalidEmailaddressandvalidPassword" time="2.423"/>
  <testcase classname="com.tutorialsninja_Testcases.Login" name="verifyLoginwithvalidEmailaddressandInvalidPassword" time="2.162"/>
  <testcase classname="com.tutorialsninja_Testcases.Login" name="verifyLoginwithoutenteringtheCredentials" time="1.251"/>
</testsuite> <!-- Test -->
