<?xml version="1.0" encoding="UTF-8"?>
<!-- Generated by org.testng.reporters.JUnitXMLReporter -->
<testsuite ignored="0" hostname="DESKTOP-CTL1DJU" failures="0" tests="10" name="Test in edge" time="74.207" errors="0" timestamp="2025-05-12T14:40:21 IST">
  <testcase classname="com.tutorialsninja_Testcases.Login" name="verifyLoginwithValidCredential" time="1.561"/>
  <testcase classname="com.tutorialsninja_Testcases.Register" name="verifyRegisteraccountwithMandatoryFields" time="1.974"/>
  <testcase classname="com.tutorialsninja_Testcases.Login" name="verifyLoginwithInvalidEmailaddressandInvalidPassword" time="1.334"/>
  <testcase classname="com.tutorialsninja_Testcases.Register" name="verifyRegisteringanAccountbyprovidingallthefields" time="2.406"/>
  <testcase classname="com.tutorialsninja_Testcases.Login" name="verifyLoginwithInvalidEmailaddressandvalidPassword" time="1.132"/>
  <testcase classname="com.tutorialsninja_Testcases.Register" name="verifyRegisteringAccountWithoutFillingAnyDetails" time="0.7"/>
  <testcase classname="com.tutorialsninja_Testcases.Login" name="verifyLoginwithvalidEmailaddressandInvalidPassword" time="0.789"/>
  <testcase classname="com.tutorialsninja_Testcases.Register" name="verifyRegisterAccountEnteringDifferentPassword" time="2.741"/>
  <testcase classname="com.tutorialsninja_Testcases.Login" name="verifyLoginwithoutenteringtheCredentials" time="0.584"/>
  <testcase classname="com.tutorialsninja_Testcases.Register" name="verifyRegisteringanAccountExistingAccount" time="1.188"/>
</testsuite> <!-- Test in edge -->
