<?xml version="1.0" encoding="UTF-8"?>
<testng-results ignored="0" total="5" passed="5" failed="0" skipped="0">
  <reporter-output>
  </reporter-output>
  <suite started-at="2025-05-19T10:12:48 IST" name="Suite" finished-at="2025-05-19T10:13:33 IST" duration-ms="44917">
    <groups>
    </groups>
    <test started-at="2025-05-19T10:12:48 IST" name="Test in chrome" finished-at="2025-05-19T10:13:33 IST" duration-ms="44917">
      <class name="com.tutorialsninja_Testcases.ContactUs">
        <test-method is-config="true" signature="setup(java.lang.String)[pri:0, instance:com.tutorialsninja_Testcases.ContactUs@618b19ad]" started-at="2025-05-19T10:12:48 IST" name="setup" finished-at="2025-05-19T10:12:57 IST" duration-ms="8754" status="PASS">
          <params>
            <param index="0">
              <value>
                <![CDATA[chrome]]>
              </value>
            </param>
          </params>
          <reporter-output>
          </reporter-output>
        </test-method> <!-- setup -->
        <test-method signature="verifyNavigatetotheContactPage()[pri:1, instance:com.tutorialsninja_Testcases.ContactUs@618b19ad]" started-at="2025-05-19T10:12:57 IST" name="verifyNavigatetotheContactPage" finished-at="2025-05-19T10:12:58 IST" duration-ms="1030" status="PASS">
          <reporter-output>
          </reporter-output>
        </test-method> <!-- verifyNavigatetotheContactPage -->
        <test-method is-config="true" signature="tearDown()[pri:0, instance:com.tutorialsninja_Testcases.ContactUs@618b19ad]" started-at="2025-05-19T10:12:58 IST" name="tearDown" finished-at="2025-05-19T10:12:59 IST" duration-ms="326" status="PASS">
          <reporter-output>
          </reporter-output>
        </test-method> <!-- tearDown -->
        <test-method is-config="true" signature="setup(java.lang.String)[pri:0, instance:com.tutorialsninja_Testcases.ContactUs@618b19ad]" started-at="2025-05-19T10:12:59 IST" name="setup" finished-at="2025-05-19T10:13:04 IST" duration-ms="5323" status="PASS">
          <params>
            <param index="0">
              <value>
                <![CDATA[chrome]]>
              </value>
            </param>
          </params>
          <reporter-output>
          </reporter-output>
        </test-method> <!-- setup -->
        <test-method signature="verifyNavigatetotheContactPageFooterlink()[pri:2, instance:com.tutorialsninja_Testcases.ContactUs@618b19ad]" started-at="2025-05-19T10:13:04 IST" name="verifyNavigatetotheContactPageFooterlink" finished-at="2025-05-19T10:13:04 IST" duration-ms="619" status="PASS">
          <reporter-output>
          </reporter-output>
        </test-method> <!-- verifyNavigatetotheContactPageFooterlink -->
        <test-method is-config="true" signature="tearDown()[pri:0, instance:com.tutorialsninja_Testcases.ContactUs@618b19ad]" started-at="2025-05-19T10:13:04 IST" name="tearDown" finished-at="2025-05-19T10:13:05 IST" duration-ms="281" status="PASS">
          <reporter-output>
          </reporter-output>
        </test-method> <!-- tearDown -->
        <test-method is-config="true" signature="setup(java.lang.String)[pri:0, instance:com.tutorialsninja_Testcases.ContactUs@618b19ad]" started-at="2025-05-19T10:13:05 IST" name="setup" finished-at="2025-05-19T10:13:11 IST" duration-ms="5837" status="PASS">
          <params>
            <param index="0">
              <value>
                <![CDATA[chrome]]>
              </value>
            </param>
          </params>
          <reporter-output>
          </reporter-output>
        </test-method> <!-- setup -->
        <test-method signature="verifyFillalltheMandatoryFieldinContactUsPage()[pri:3, instance:com.tutorialsninja_Testcases.ContactUs@618b19ad]" started-at="2025-05-19T10:13:11 IST" name="verifyFillalltheMandatoryFieldinContactUsPage" finished-at="2025-05-19T10:13:15 IST" duration-ms="3902" status="PASS">
          <reporter-output>
          </reporter-output>
        </test-method> <!-- verifyFillalltheMandatoryFieldinContactUsPage -->
        <test-method is-config="true" signature="tearDown()[pri:0, instance:com.tutorialsninja_Testcases.ContactUs@618b19ad]" started-at="2025-05-19T10:13:15 IST" name="tearDown" finished-at="2025-05-19T10:13:15 IST" duration-ms="392" status="PASS">
          <reporter-output>
          </reporter-output>
        </test-method> <!-- tearDown -->
        <test-method is-config="true" signature="setup(java.lang.String)[pri:0, instance:com.tutorialsninja_Testcases.ContactUs@618b19ad]" started-at="2025-05-19T10:13:15 IST" name="setup" finished-at="2025-05-19T10:13:20 IST" duration-ms="5539" status="PASS">
          <params>
            <param index="0">
              <value>
                <![CDATA[chrome]]>
              </value>
            </param>
          </params>
          <reporter-output>
          </reporter-output>
        </test-method> <!-- setup -->
        <test-method signature="verifyEnterInvalidEmailID()[pri:4, instance:com.tutorialsninja_Testcases.ContactUs@618b19ad]" started-at="2025-05-19T10:13:20 IST" name="verifyEnterInvalidEmailID" finished-at="2025-05-19T10:13:23 IST" duration-ms="2682" status="PASS">
          <reporter-output>
          </reporter-output>
        </test-method> <!-- verifyEnterInvalidEmailID -->
        <test-method is-config="true" signature="tearDown()[pri:0, instance:com.tutorialsninja_Testcases.ContactUs@618b19ad]" started-at="2025-05-19T10:13:23 IST" name="tearDown" finished-at="2025-05-19T10:13:23 IST" duration-ms="343" status="PASS">
          <reporter-output>
          </reporter-output>
        </test-method> <!-- tearDown -->
        <test-method is-config="true" signature="setup(java.lang.String)[pri:0, instance:com.tutorialsninja_Testcases.ContactUs@618b19ad]" started-at="2025-05-19T10:13:23 IST" name="setup" finished-at="2025-05-19T10:13:30 IST" duration-ms="6724" status="PASS">
          <params>
            <param index="0">
              <value>
                <![CDATA[chrome]]>
              </value>
            </param>
          </params>
          <reporter-output>
          </reporter-output>
        </test-method> <!-- setup -->
        <test-method signature="verifyclickSubmitWithoutEntertheDetails()[pri:5, instance:com.tutorialsninja_Testcases.ContactUs@618b19ad]" started-at="2025-05-19T10:13:30 IST" name="verifyclickSubmitWithoutEntertheDetails" finished-at="2025-05-19T10:13:32 IST" duration-ms="2124" status="PASS">
          <reporter-output>
          </reporter-output>
        </test-method> <!-- verifyclickSubmitWithoutEntertheDetails -->
        <test-method is-config="true" signature="tearDown()[pri:0, instance:com.tutorialsninja_Testcases.ContactUs@618b19ad]" started-at="2025-05-19T10:13:32 IST" name="tearDown" finished-at="2025-05-19T10:13:33 IST" duration-ms="406" status="PASS">
          <reporter-output>
          </reporter-output>
        </test-method> <!-- tearDown -->
      </class> <!-- com.tutorialsninja_Testcases.ContactUs -->
    </test> <!-- Test in chrome -->
  </suite> <!-- Suite -->
</testng-results>
